<?xml version="1.0" encoding="UTF-8"?>
<!-- Generated by org.testng.reporters.JUnitReportReporter -->
<testsuite hostname="DESKTOP-RPPDFVA" failures="0" tests="1" name="tests.LoginTest" time="89.113" errors="0" timestamp="2025-09-30T20:13:38 GMT-05:00" skipped="0">
  <testcase classname="tests.LoginTest" name="userCanLogin" time="89.113"/>
</testsuite> <!-- tests.LoginTest -->
